2020-10-20 17:31:32
dataManager initialed...
mode: train_textcnn
loading data...
loading data...
training set size: 5126, validating set size: 462
++++++++++++++++++++training starting++++++++++++++++++++
epoch:1/30
start evaluate engines...
time consumption:0.48(min), precision: 0.792 recall: 0.784 f1: 0.794 
saved the new best model with f1: 0.794
epoch:2/30
start evaluate engines...
time consumption:0.44(min), precision: 0.776 recall: 0.765 f1: 0.775 
epoch:3/30
start evaluate engines...
time consumption:0.46(min), precision: 0.765 recall: 0.767 f1: 0.774 
epoch:4/30
start evaluate engines...
time consumption:0.43(min), precision: 0.779 recall: 0.764 f1: 0.769 
epoch:5/30
start evaluate engines...
time consumption:0.46(min), precision: 0.798 recall: 0.798 f1: 0.805 
saved the new best model with f1: 0.805
epoch:6/30
start evaluate engines...
time consumption:0.43(min), precision: 0.790 recall: 0.792 f1: 0.796 
epoch:7/30
start evaluate engines...
time consumption:0.42(min), precision: 0.794 recall: 0.799 f1: 0.800 
epoch:8/30
start evaluate engines...
time consumption:0.43(min), precision: 0.778 recall: 0.779 f1: 0.783 
epoch:9/30
start evaluate engines...
time consumption:0.42(min), precision: 0.783 recall: 0.789 f1: 0.789 
epoch:10/30
start evaluate engines...
time consumption:0.42(min), precision: 0.786 recall: 0.792 f1: 0.794 
epoch:11/30
start evaluate engines...
time consumption:0.42(min), precision: 0.788 recall: 0.783 f1: 0.790 
epoch:12/30
start evaluate engines...
time consumption:0.42(min), precision: 0.785 recall: 0.786 f1: 0.792 
epoch:13/30
start evaluate engines...
time consumption:0.46(min), precision: 0.801 recall: 0.798 f1: 0.802 
early stopped, no progress obtained within 8 epochs
overall best f1 is 0.8047463331190473 at 5 epoch
total training time consumption: 6.242(min)
