2020-10-20 23:36:52
dataManager initialed...
mode: train_textcnn
loading data...
loading data...
training set size: 5126, validating set size: 462
++++++++++++++++++++training starting++++++++++++++++++++
epoch:1/30
start evaluate engines...
time consumption:0.55(min), precision: 0.782 recall: 0.764 f1: 0.773 
saved the new best model with f1: 0.773
epoch:2/30
start evaluate engines...
time consumption:0.58(min), precision: 0.769 recall: 0.775 f1: 0.779 
saved the new best model with f1: 0.779
epoch:3/30
start evaluate engines...
time consumption:0.59(min), precision: 0.762 recall: 0.762 f1: 0.765 
epoch:4/30
start evaluate engines...
time consumption:0.59(min), precision: 0.786 recall: 0.790 f1: 0.791 
saved the new best model with f1: 0.791
epoch:5/30
start evaluate engines...
time consumption:0.58(min), precision: 0.787 recall: 0.780 f1: 0.788 
epoch:6/30
start evaluate engines...
time consumption:0.58(min), precision: 0.784 recall: 0.784 f1: 0.787 
epoch:7/30
start evaluate engines...
time consumption:0.59(min), precision: 0.778 recall: 0.773 f1: 0.778 
epoch:8/30
start evaluate engines...
time consumption:0.58(min), precision: 0.774 recall: 0.784 f1: 0.781 
epoch:9/30
start evaluate engines...
time consumption:0.59(min), precision: 0.780 recall: 0.782 f1: 0.785 
epoch:10/30
start evaluate engines...
time consumption:0.60(min), precision: 0.797 recall: 0.802 f1: 0.804 
saved the new best model with f1: 0.804
epoch:11/30
start evaluate engines...
time consumption:0.58(min), precision: 0.806 recall: 0.811 f1: 0.813 
saved the new best model with f1: 0.813
epoch:12/30
start evaluate engines...
time consumption:0.58(min), precision: 0.798 recall: 0.800 f1: 0.807 
epoch:13/30
start evaluate engines...
time consumption:0.57(min), precision: 0.800 recall: 0.805 f1: 0.805 
epoch:14/30
start evaluate engines...
time consumption:0.59(min), precision: 0.791 recall: 0.791 f1: 0.795 
epoch:15/30
start evaluate engines...
time consumption:0.58(min), precision: 0.809 recall: 0.816 f1: 0.817 
saved the new best model with f1: 0.817
epoch:16/30
start evaluate engines...
time consumption:0.61(min), precision: 0.795 recall: 0.798 f1: 0.801 
epoch:17/30
start evaluate engines...
time consumption:0.59(min), precision: 0.789 recall: 0.788 f1: 0.796 
epoch:18/30
start evaluate engines...
time consumption:0.58(min), precision: 0.794 recall: 0.784 f1: 0.791 
epoch:19/30
start evaluate engines...
time consumption:0.59(min), precision: 0.775 recall: 0.776 f1: 0.781 
epoch:20/30
start evaluate engines...
time consumption:0.58(min), precision: 0.797 recall: 0.800 f1: 0.803 
epoch:21/30
start evaluate engines...
time consumption:0.57(min), precision: 0.785 recall: 0.788 f1: 0.793 
epoch:22/30
start evaluate engines...
time consumption:0.57(min), precision: 0.805 recall: 0.810 f1: 0.811 
epoch:23/30
start evaluate engines...
time consumption:0.59(min), precision: 0.804 recall: 0.807 f1: 0.809 
early stopped, no progress obtained within 8 epochs
overall best f1 is 0.8173155116004657 at 15 epoch
total training time consumption: 13.898(min)
