2021-01-15 12:33:40
dataManager initialed...
mode: train_classifier
model: textcnn
loading data...
shuffling data...
getting validation data...
loading data...
training set size: 5126, validating set size: 462
++++++++++++++++++++training starting++++++++++++++++++++
epoch:1/30
training batch:    20, loss: 0.69038, precision: 0.516 recall: 1.000 f1: 0.681 
training batch:    40, loss: 0.68144, precision: 0.508 recall: 1.000 f1: 0.674 
training batch:    60, loss: 0.69515, precision: 0.638 recall: 0.949 f1: 0.763 
training batch:    80, loss: 0.69417, precision: 0.452 recall: 1.000 f1: 0.622 
start evaluate engines...
negative: {'precision': 0.6904761904761905, 'recall': 0.12608695652173912, 'f1-score': 0.21323529411764708, 'support': 230}
positive: {'precision': 0.5723404255319149, 'recall': 0.9539007092198581, 'f1-score': 0.7154255319148936, 'support': 282}

time consumption:0.46(min), precision: 0.572 recall: 0.954 f1: 0.715 
saved the new best model with f1: 0.715
epoch:2/30
training batch:    20, loss: 0.71205, precision: 0.526 recall: 0.909 f1: 0.667 
training batch:    40, loss: 0.70174, precision: 0.569 recall: 0.846 f1: 0.680 
training batch:    60, loss: 0.66365, precision: 0.597 recall: 1.000 f1: 0.747 
training batch:    80, loss: 0.65873, precision: 0.642 recall: 0.895 f1: 0.747 
start evaluate engines...
negative: {'precision': 0.7457627118644068, 'recall': 0.19213973799126638, 'f1-score': 0.3055555555555556, 'support': 229}
positive: {'precision': 0.5916114790286976, 'recall': 0.9469964664310954, 'f1-score': 0.7282608695652174, 'support': 283}

time consumption:0.36(min), precision: 0.592 recall: 0.947 f1: 0.728 
saved the new best model with f1: 0.728
epoch:3/30
training batch:    20, loss: 0.67774, precision: 0.536 recall: 0.909 f1: 0.674 
training batch:    40, loss: 0.68147, precision: 0.569 recall: 0.943 f1: 0.710 
training batch:    60, loss: 0.67314, precision: 0.627 recall: 0.974 f1: 0.763 
training batch:    80, loss: 0.67533, precision: 0.643 recall: 0.923 f1: 0.758 
start evaluate engines...
negative: {'precision': 0.7272727272727273, 'recall': 0.17857142857142858, 'f1-score': 0.28673835125448033, 'support': 224}
positive: {'precision': 0.5973741794310722, 'recall': 0.9479166666666666, 'f1-score': 0.7328859060402684, 'support': 288}

time consumption:0.35(min), precision: 0.597 recall: 0.948 f1: 0.733 
saved the new best model with f1: 0.733
epoch:4/30
training batch:    20, loss: 0.66504, precision: 0.600 recall: 0.973 f1: 0.742 
training batch:    40, loss: 0.67468, precision: 0.569 recall: 1.000 f1: 0.725 
training batch:    60, loss: 0.67258, precision: 0.536 recall: 0.938 f1: 0.682 
training batch:    80, loss: 0.66901, precision: 0.549 recall: 0.903 f1: 0.683 
start evaluate engines...
negative: {'precision': 0.7777777777777778, 'recall': 0.24242424242424243, 'f1-score': 0.3696369636963696, 'support': 231}
positive: {'precision': 0.6022727272727273, 'recall': 0.9430604982206405, 'f1-score': 0.7350901525658808, 'support': 281}

time consumption:0.33(min), precision: 0.602 recall: 0.943 f1: 0.735 
saved the new best model with f1: 0.735
epoch:5/30
training batch:    20, loss: 0.66106, precision: 0.582 recall: 1.000 f1: 0.736 
training batch:    40, loss: 0.66335, precision: 0.562 recall: 0.964 f1: 0.711 
training batch:    60, loss: 0.65573, precision: 0.600 recall: 0.917 f1: 0.725 
training batch:    80, loss: 0.64232, precision: 0.761 recall: 0.946 f1: 0.843 
start evaluate engines...
negative: {'precision': 0.81875, 'recall': 0.5574468085106383, 'f1-score': 0.6632911392405064, 'support': 235}
positive: {'precision': 0.7045454545454546, 'recall': 0.8953068592057761, 'f1-score': 0.7885532591414945, 'support': 277}

time consumption:0.33(min), precision: 0.705 recall: 0.895 f1: 0.789 
saved the new best model with f1: 0.789
epoch:6/30
training batch:    20, loss: 0.66226, precision: 0.742 recall: 0.639 f1: 0.687 
training batch:    40, loss: 0.64472, precision: 0.627 recall: 0.914 f1: 0.744 
training batch:    60, loss: 0.66273, precision: 0.596 recall: 0.848 f1: 0.700 
training batch:    80, loss: 0.62001, precision: 0.739 recall: 0.895 f1: 0.810 
start evaluate engines...
negative: {'precision': 0.8076923076923077, 'recall': 0.6336206896551724, 'f1-score': 0.7101449275362319, 'support': 232}
positive: {'precision': 0.7424242424242424, 'recall': 0.875, 'f1-score': 0.8032786885245902, 'support': 280}

time consumption:0.36(min), precision: 0.742 recall: 0.875 f1: 0.803 
saved the new best model with f1: 0.803
epoch:7/30
training batch:    20, loss: 0.62374, precision: 0.596 recall: 0.933 f1: 0.727 
training batch:    40, loss: 0.60632, precision: 0.923 recall: 0.706 f1: 0.800 
training batch:    60, loss: 0.53895, precision: 0.848 recall: 0.929 f1: 0.886 
training batch:    80, loss: 0.59760, precision: 0.774 recall: 0.774 f1: 0.774 
start evaluate engines...
negative: {'precision': 0.7405857740585774, 'recall': 0.7763157894736842, 'f1-score': 0.7580299785867237, 'support': 228}
positive: {'precision': 0.8131868131868132, 'recall': 0.7816901408450704, 'f1-score': 0.7971274685816876, 'support': 284}

time consumption:0.33(min), precision: 0.813 recall: 0.782 f1: 0.797 
epoch:8/30
training batch:    20, loss: 0.55529, precision: 0.765 recall: 0.867 f1: 0.812 
training batch:    40, loss: 0.62257, precision: 0.653 recall: 0.889 f1: 0.753 
training batch:    60, loss: 0.56154, precision: 0.700 recall: 0.903 f1: 0.789 
training batch:    80, loss: 0.55005, precision: 0.676 recall: 0.821 f1: 0.742 
start evaluate engines...
negative: {'precision': 0.7847533632286996, 'recall': 0.7415254237288136, 'f1-score': 0.7625272331154683, 'support': 236}
positive: {'precision': 0.7889273356401384, 'recall': 0.8260869565217391, 'f1-score': 0.8070796460176991, 'support': 276}

time consumption:0.32(min), precision: 0.789 recall: 0.826 f1: 0.807 
saved the new best model with f1: 0.807
epoch:9/30
training batch:    20, loss: 0.55547, precision: 0.756 recall: 0.850 f1: 0.800 
training batch:    40, loss: 0.57854, precision: 0.786 recall: 0.825 f1: 0.805 
training batch:    60, loss: 0.55590, precision: 0.756 recall: 0.775 f1: 0.765 
training batch:    80, loss: 0.55517, precision: 0.630 recall: 0.879 f1: 0.734 
start evaluate engines...
negative: {'precision': 0.8080808080808081, 'recall': 0.6986899563318777, 'f1-score': 0.7494145199063231, 'support': 229}
positive: {'precision': 0.7802547770700637, 'recall': 0.8657243816254417, 'f1-score': 0.8207705192629816, 'support': 283}

time consumption:0.31(min), precision: 0.780 recall: 0.866 f1: 0.821 
saved the new best model with f1: 0.821
epoch:10/30
training batch:    20, loss: 0.55709, precision: 0.722 recall: 0.765 f1: 0.743 
training batch:    40, loss: 0.59070, precision: 0.529 recall: 0.692 f1: 0.600 
training batch:    60, loss: 0.57094, precision: 0.735 recall: 0.735 f1: 0.735 
training batch:    80, loss: 0.54240, precision: 0.800 recall: 0.686 f1: 0.738 
start evaluate engines...
negative: {'precision': 0.7931034482758621, 'recall': 0.696969696969697, 'f1-score': 0.7419354838709677, 'support': 231}
positive: {'precision': 0.7734627831715211, 'recall': 0.8505338078291815, 'f1-score': 0.8101694915254237, 'support': 281}

time consumption:0.31(min), precision: 0.773 recall: 0.851 f1: 0.810 
epoch:11/30
training batch:    20, loss: 0.52386, precision: 0.805 recall: 0.825 f1: 0.815 
training batch:    40, loss: 0.43598, precision: 0.821 recall: 0.742 f1: 0.780 
training batch:    60, loss: 0.51291, precision: 0.690 recall: 0.714 f1: 0.702 
training batch:    80, loss: 0.47308, precision: 0.765 recall: 0.867 f1: 0.812 
start evaluate engines...
negative: {'precision': 0.793859649122807, 'recall': 0.7637130801687764, 'f1-score': 0.7784946236559139, 'support': 237}
positive: {'precision': 0.8028169014084507, 'recall': 0.8290909090909091, 'f1-score': 0.815742397137746, 'support': 275}

time consumption:0.31(min), precision: 0.803 recall: 0.829 f1: 0.816 
epoch:12/30
training batch:    20, loss: 0.41816, precision: 0.871 recall: 0.818 f1: 0.844 
training batch:    40, loss: 0.60397, precision: 0.718 recall: 0.757 f1: 0.737 
training batch:    60, loss: 0.48554, precision: 0.778 recall: 0.700 f1: 0.737 
training batch:    80, loss: 0.39088, precision: 0.875 recall: 0.778 f1: 0.824 
start evaluate engines...
negative: {'precision': 0.8071065989847716, 'recall': 0.7004405286343612, 'f1-score': 0.75, 'support': 227}
positive: {'precision': 0.7841269841269841, 'recall': 0.8666666666666667, 'f1-score': 0.8233333333333335, 'support': 285}

time consumption:0.32(min), precision: 0.784 recall: 0.867 f1: 0.823 
saved the new best model with f1: 0.823
epoch:13/30
training batch:    20, loss: 0.47921, precision: 0.743 recall: 0.812 f1: 0.776 
training batch:    40, loss: 0.35957, precision: 0.881 recall: 0.925 f1: 0.902 
training batch:    60, loss: 0.43522, precision: 0.816 recall: 0.838 f1: 0.827 
training batch:    80, loss: 0.44705, precision: 0.727 recall: 0.857 f1: 0.787 
start evaluate engines...
negative: {'precision': 0.8333333333333334, 'recall': 0.6828193832599119, 'f1-score': 0.7506053268765134, 'support': 227}
positive: {'precision': 0.7791411042944786, 'recall': 0.8912280701754386, 'f1-score': 0.8314238952536824, 'support': 285}

time consumption:0.41(min), precision: 0.779 recall: 0.891 f1: 0.831 
saved the new best model with f1: 0.831
epoch:14/30
training batch:    20, loss: 0.36929, precision: 0.853 recall: 0.853 f1: 0.853 
training batch:    40, loss: 0.47929, precision: 0.848 recall: 0.737 f1: 0.789 
training batch:    60, loss: 0.46631, precision: 0.800 recall: 0.800 f1: 0.800 
training batch:    80, loss: 0.47796, precision: 0.829 recall: 0.806 f1: 0.817 
start evaluate engines...
negative: {'precision': 0.7830188679245284, 'recall': 0.7248908296943232, 'f1-score': 0.7528344671201814, 'support': 229}
positive: {'precision': 0.79, 'recall': 0.8374558303886925, 'f1-score': 0.8130360205831904, 'support': 283}

time consumption:0.32(min), precision: 0.790 recall: 0.837 f1: 0.813 
epoch:15/30
training batch:    20, loss: 0.40756, precision: 0.897 recall: 0.788 f1: 0.839 
training batch:    40, loss: 0.55256, precision: 0.771 recall: 0.750 f1: 0.761 
training batch:    60, loss: 0.34220, precision: 0.865 recall: 0.941 f1: 0.901 
training batch:    80, loss: 0.41803, precision: 0.812 recall: 0.839 f1: 0.825 
start evaluate engines...
negative: {'precision': 0.7733333333333333, 'recall': 0.7699115044247787, 'f1-score': 0.7716186252771619, 'support': 226}
positive: {'precision': 0.818815331010453, 'recall': 0.8216783216783217, 'f1-score': 0.8202443280977312, 'support': 286}

time consumption:0.31(min), precision: 0.819 recall: 0.822 f1: 0.820 
epoch:16/30
training batch:    20, loss: 0.43510, precision: 0.733 recall: 0.815 f1: 0.772 
training batch:    40, loss: 0.49907, precision: 0.711 recall: 0.794 f1: 0.750 
training batch:    60, loss: 0.47828, precision: 0.714 recall: 0.806 f1: 0.758 
training batch:    80, loss: 0.38607, precision: 0.690 recall: 0.967 f1: 0.806 
start evaluate engines...
negative: {'precision': 0.780373831775701, 'recall': 0.7422222222222222, 'f1-score': 0.7608200455580867, 'support': 225}
positive: {'precision': 0.8053691275167785, 'recall': 0.8362369337979094, 'f1-score': 0.8205128205128205, 'support': 287}

time consumption:0.31(min), precision: 0.805 recall: 0.836 f1: 0.821 
epoch:17/30
training batch:    20, loss: 0.34538, precision: 0.944 recall: 0.810 f1: 0.872 
training batch:    40, loss: 0.36550, precision: 0.897 recall: 0.839 f1: 0.867 
training batch:    60, loss: 0.47388, precision: 0.818 recall: 0.871 f1: 0.844 
training batch:    80, loss: 0.41128, precision: 0.841 recall: 0.902 f1: 0.871 
start evaluate engines...
negative: {'precision': 0.8088235294117647, 'recall': 0.7081545064377682, 'f1-score': 0.7551487414187643, 'support': 233}
positive: {'precision': 0.7792207792207793, 'recall': 0.8602150537634409, 'f1-score': 0.8177172061328791, 'support': 279}

time consumption:0.35(min), precision: 0.779 recall: 0.860 f1: 0.818 
epoch:18/30
training batch:    20, loss: 0.41122, precision: 0.750 recall: 0.840 f1: 0.792 
training batch:    40, loss: 0.37515, precision: 0.806 recall: 0.893 f1: 0.847 
training batch:    60, loss: 0.39662, precision: 0.811 recall: 0.857 f1: 0.833 
training batch:    80, loss: 0.40487, precision: 0.848 recall: 0.848 f1: 0.848 
start evaluate engines...
negative: {'precision': 0.7913043478260869, 'recall': 0.7913043478260869, 'f1-score': 0.791304347826087, 'support': 230}
positive: {'precision': 0.8297872340425532, 'recall': 0.8297872340425532, 'f1-score': 0.8297872340425532, 'support': 282}

time consumption:0.35(min), precision: 0.830 recall: 0.830 f1: 0.830 
epoch:19/30
training batch:    20, loss: 0.33951, precision: 0.767 recall: 0.958 f1: 0.852 
training batch:    40, loss: 0.35216, precision: 0.963 recall: 0.788 f1: 0.867 
training batch:    60, loss: 0.46657, precision: 0.639 recall: 0.821 f1: 0.719 
training batch:    80, loss: 0.44487, precision: 0.762 recall: 0.842 f1: 0.800 
start evaluate engines...
negative: {'precision': 0.8253968253968254, 'recall': 0.6782608695652174, 'f1-score': 0.7446300715990454, 'support': 230}
positive: {'precision': 0.7708978328173375, 'recall': 0.8829787234042553, 'f1-score': 0.8231404958677686, 'support': 282}

time consumption:0.36(min), precision: 0.771 recall: 0.883 f1: 0.823 
epoch:20/30
training batch:    20, loss: 0.50827, precision: 0.794 recall: 0.750 f1: 0.771 
training batch:    40, loss: 0.44513, precision: 0.812 recall: 0.812 f1: 0.812 
training batch:    60, loss: 0.35474, precision: 0.862 recall: 0.781 f1: 0.820 
training batch:    80, loss: 0.34865, precision: 0.857 recall: 0.938 f1: 0.896 
start evaluate engines...
negative: {'precision': 0.8199052132701422, 'recall': 0.7521739130434782, 'f1-score': 0.7845804988662132, 'support': 230}
positive: {'precision': 0.8106312292358804, 'recall': 0.8652482269503546, 'f1-score': 0.83704974271012, 'support': 282}

time consumption:0.35(min), precision: 0.811 recall: 0.865 f1: 0.837 
saved the new best model with f1: 0.837
epoch:21/30
training batch:    20, loss: 0.45098, precision: 0.750 recall: 0.971 f1: 0.846 
training batch:    40, loss: 0.46424, precision: 0.812 recall: 0.788 f1: 0.800 
training batch:    60, loss: 0.33358, precision: 0.861 recall: 0.939 f1: 0.899 
training batch:    80, loss: 0.43920, precision: 0.737 recall: 0.933 f1: 0.824 
start evaluate engines...
negative: {'precision': 0.8088235294117647, 'recall': 0.7333333333333333, 'f1-score': 0.7692307692307693, 'support': 225}
positive: {'precision': 0.8051948051948052, 'recall': 0.8641114982578397, 'f1-score': 0.8336134453781513, 'support': 287}

time consumption:0.33(min), precision: 0.805 recall: 0.864 f1: 0.834 
epoch:22/30
training batch:    20, loss: 0.34405, precision: 0.966 recall: 0.800 f1: 0.875 
training batch:    40, loss: 0.41172, precision: 0.767 recall: 0.885 f1: 0.821 
training batch:    60, loss: 0.39313, precision: 0.818 recall: 0.844 f1: 0.831 
training batch:    80, loss: 0.41269, precision: 0.816 recall: 0.939 f1: 0.873 
start evaluate engines...
negative: {'precision': 0.8104265402843602, 'recall': 0.7434782608695653, 'f1-score': 0.7755102040816326, 'support': 230}
positive: {'precision': 0.8039867109634552, 'recall': 0.8581560283687943, 'f1-score': 0.8301886792452831, 'support': 282}

time consumption:0.36(min), precision: 0.804 recall: 0.858 f1: 0.830 
epoch:23/30
training batch:    20, loss: 0.30442, precision: 0.933 recall: 0.903 f1: 0.918 
training batch:    40, loss: 0.35572, precision: 0.853 recall: 0.906 f1: 0.879 
training batch:    60, loss: 0.37883, precision: 0.879 recall: 0.879 f1: 0.879 
training batch:    80, loss: 0.31922, precision: 0.808 recall: 0.875 f1: 0.840 
start evaluate engines...
negative: {'precision': 0.7639484978540773, 'recall': 0.7911111111111111, 'f1-score': 0.777292576419214, 'support': 225}
positive: {'precision': 0.8315412186379928, 'recall': 0.8083623693379791, 'f1-score': 0.8197879858657243, 'support': 287}

time consumption:0.32(min), precision: 0.832 recall: 0.808 f1: 0.820 
epoch:24/30
training batch:    20, loss: 0.35597, precision: 0.875 recall: 0.921 f1: 0.897 
training batch:    40, loss: 0.29354, precision: 0.944 recall: 0.919 f1: 0.932 
training batch:    60, loss: 0.44210, precision: 0.806 recall: 0.879 f1: 0.841 
training batch:    80, loss: 0.35313, precision: 0.806 recall: 0.906 f1: 0.853 
start evaluate engines...
negative: {'precision': 0.8195876288659794, 'recall': 0.7035398230088495, 'f1-score': 0.7571428571428572, 'support': 226}
positive: {'precision': 0.789308176100629, 'recall': 0.8776223776223776, 'f1-score': 0.8311258278145696, 'support': 286}

time consumption:0.39(min), precision: 0.789 recall: 0.878 f1: 0.831 
epoch:25/30
training batch:    20, loss: 0.30660, precision: 0.771 recall: 0.900 f1: 0.831 
training batch:    40, loss: 0.46369, precision: 0.789 recall: 0.811 f1: 0.800 
training batch:    60, loss: 0.39306, precision: 0.844 recall: 0.771 f1: 0.806 
training batch:    80, loss: 0.46191, precision: 0.867 recall: 0.722 f1: 0.788 
start evaluate engines...
negative: {'precision': 0.7946428571428571, 'recall': 0.7841409691629956, 'f1-score': 0.7893569844789357, 'support': 227}
positive: {'precision': 0.8298611111111112, 'recall': 0.8385964912280702, 'f1-score': 0.8342059336823735, 'support': 285}

time consumption:0.31(min), precision: 0.830 recall: 0.839 f1: 0.834 
epoch:26/30
training batch:    20, loss: 0.34284, precision: 0.875 recall: 0.854 f1: 0.864 
training batch:    40, loss: 0.36980, precision: 0.939 recall: 0.816 f1: 0.873 
training batch:    60, loss: 0.36129, precision: 0.852 recall: 0.821 f1: 0.836 
training batch:    80, loss: 0.33549, precision: 0.771 recall: 0.900 f1: 0.831 
start evaluate engines...
negative: {'precision': 0.7792792792792793, 'recall': 0.762114537444934, 'f1-score': 0.7706013363028953, 'support': 227}
positive: {'precision': 0.8137931034482758, 'recall': 0.8280701754385965, 'f1-score': 0.8208695652173912, 'support': 285}

time consumption:0.33(min), precision: 0.814 recall: 0.828 f1: 0.821 
epoch:27/30
training batch:    20, loss: 0.30935, precision: 0.825 recall: 0.943 f1: 0.880 
training batch:    40, loss: 0.34756, precision: 0.848 recall: 0.824 f1: 0.836 
training batch:    60, loss: 0.37939, precision: 0.914 recall: 0.762 f1: 0.831 
training batch:    80, loss: 0.30190, precision: 0.909 recall: 0.857 f1: 0.882 
start evaluate engines...
negative: {'precision': 0.771689497716895, 'recall': 0.7612612612612613, 'f1-score': 0.7664399092970521, 'support': 222}
positive: {'precision': 0.8191126279863481, 'recall': 0.8275862068965517, 'f1-score': 0.8233276157804459, 'support': 290}

time consumption:0.34(min), precision: 0.819 recall: 0.828 f1: 0.823 
epoch:28/30
training batch:    20, loss: 0.36961, precision: 0.900 recall: 0.818 f1: 0.857 
training batch:    40, loss: 0.27449, precision: 0.871 recall: 0.931 f1: 0.900 
training batch:    60, loss: 0.34546, precision: 0.886 recall: 0.861 f1: 0.873 
training batch:    80, loss: 0.23820, precision: 0.947 recall: 0.923 f1: 0.935 
start evaluate engines...
negative: {'precision': 0.7873303167420814, 'recall': 0.7699115044247787, 'f1-score': 0.7785234899328858, 'support': 226}
positive: {'precision': 0.8213058419243986, 'recall': 0.8356643356643356, 'f1-score': 0.8284228769497399, 'support': 286}

time consumption:0.32(min), precision: 0.821 recall: 0.836 f1: 0.828 
early stopped, no progress obtained within 8 epochs
overall best f1 is 0.83704974271012 at 20 epoch
total training time consumption: 10.053(min)
