2021-03-15 17:52:04
dataManager initialed...
mode: train_classifier
model: textcnn
loading data...
loading data...
++++++++++++++++++++training starting++++++++++++++++++++
epoch:1/30
training batch:    20, loss: 0.54047, precision: 0.923 recall: 0.706 f1: 0.800 
training batch:    40, loss: 0.50859, precision: 0.711 recall: 0.871 f1: 0.783 
training batch:    60, loss: 0.44978, precision: 0.758 recall: 0.735 f1: 0.746 
training batch:    80, loss: 0.26439, precision: 1.000 recall: 1.000 f1: 1.000 
start evaluate engines...

negative: {'precision': 0.7424242424242424, 'recall': 0.7101449275362319, 'f1-score': 0.725925925925926, 'support': 207}
positive: {'precision': 0.7727272727272727, 'recall': 0.8, 'f1-score': 0.7861271676300577, 'support': 255}
time consumption:0.25(min), loss: 0.521 precision: 0.773 recall: 0.800 f1: 0.786 
saved the new best model with f1: 0.786
epoch:2/30
training batch:    20, loss: 0.55953, precision: 0.605 recall: 0.839 f1: 0.703 
training batch:    40, loss: 0.50953, precision: 0.848 recall: 0.800 f1: 0.824 
training batch:    60, loss: 0.46863, precision: 0.821 recall: 0.821 f1: 0.821 
training batch:    80, loss: 0.29277, precision: 0.800 recall: 1.000 f1: 0.889 
start evaluate engines...

negative: {'precision': 0.8068181818181818, 'recall': 0.6859903381642513, 'f1-score': 0.7415143603133159, 'support': 207}
positive: {'precision': 0.7727272727272727, 'recall': 0.8666666666666667, 'f1-score': 0.8170055452865065, 'support': 255}
time consumption:0.24(min), loss: 0.487 precision: 0.773 recall: 0.867 f1: 0.817 
saved the new best model with f1: 0.817
epoch:3/30
training batch:    20, loss: 0.55081, precision: 0.783 recall: 0.600 f1: 0.679 
training batch:    40, loss: 0.36340, precision: 0.867 recall: 0.867 f1: 0.867 
training batch:    60, loss: 0.44381, precision: 0.900 recall: 0.750 f1: 0.818 
training batch:    80, loss: 0.29603, precision: 1.000 recall: 1.000 f1: 1.000 
start evaluate engines...

negative: {'precision': 0.7154150197628458, 'recall': 0.8743961352657005, 'f1-score': 0.7869565217391303, 'support': 207}
positive: {'precision': 0.8755980861244019, 'recall': 0.7176470588235294, 'f1-score': 0.7887931034482758, 'support': 255}
time consumption:0.24(min), loss: 0.500 precision: 0.876 recall: 0.718 f1: 0.789 
epoch:4/30
training batch:    20, loss: 0.58861, precision: 0.900 recall: 0.600 f1: 0.720 
training batch:    40, loss: 0.26905, precision: 0.906 recall: 0.906 f1: 0.906 
training batch:    60, loss: 0.40265, precision: 0.868 recall: 0.825 f1: 0.846 
training batch:    80, loss: 0.28394, precision: 1.000 recall: 0.750 f1: 0.857 
start evaluate engines...

negative: {'precision': 0.7783251231527094, 'recall': 0.7632850241545893, 'f1-score': 0.7707317073170732, 'support': 207}
positive: {'precision': 0.8108108108108109, 'recall': 0.8235294117647058, 'f1-score': 0.8171206225680934, 'support': 255}
time consumption:0.25(min), loss: 0.471 precision: 0.811 recall: 0.824 f1: 0.817 
saved the new best model with f1: 0.817
epoch:5/30
training batch:    20, loss: 0.32822, precision: 0.933 recall: 0.848 f1: 0.889 
training batch:    40, loss: 0.27485, precision: 0.914 recall: 0.914 f1: 0.914 
training batch:    60, loss: 0.28327, precision: 0.892 recall: 0.943 f1: 0.917 
training batch:    80, loss: 0.20786, precision: 1.000 recall: 1.000 f1: 1.000 
start evaluate engines...

negative: {'precision': 0.7845303867403315, 'recall': 0.6859903381642513, 'f1-score': 0.7319587628865981, 'support': 207}
positive: {'precision': 0.7686832740213523, 'recall': 0.8470588235294118, 'f1-score': 0.8059701492537314, 'support': 255}
time consumption:0.24(min), loss: 0.474 precision: 0.769 recall: 0.847 f1: 0.806 
epoch:6/30
training batch:    20, loss: 0.39594, precision: 0.828 recall: 0.774 f1: 0.800 
training batch:    40, loss: 0.24315, precision: 0.882 recall: 0.909 f1: 0.896 
training batch:    60, loss: 0.27611, precision: 0.906 recall: 0.967 f1: 0.935 
training batch:    80, loss: 0.62174, precision: 0.333 recall: 0.500 f1: 0.400 
start evaluate engines...

negative: {'precision': 0.7283950617283951, 'recall': 0.855072463768116, 'f1-score': 0.7866666666666667, 'support': 207}
positive: {'precision': 0.863013698630137, 'recall': 0.7411764705882353, 'f1-score': 0.7974683544303799, 'support': 255}
time consumption:0.26(min), loss: 0.506 precision: 0.863 recall: 0.741 f1: 0.797 
epoch:7/30
training batch:    20, loss: 0.29662, precision: 0.886 recall: 0.939 f1: 0.912 
training batch:    40, loss: 0.37584, precision: 0.875 recall: 0.972 f1: 0.921 
training batch:    60, loss: 0.38638, precision: 0.789 recall: 0.938 f1: 0.857 
training batch:    80, loss: 0.33834, precision: 0.667 recall: 0.667 f1: 0.667 
start evaluate engines...

negative: {'precision': 0.8148148148148148, 'recall': 0.7439613526570048, 'f1-score': 0.7777777777777778, 'support': 207}
positive: {'precision': 0.8058608058608059, 'recall': 0.8627450980392157, 'f1-score': 0.8333333333333334, 'support': 255}
time consumption:0.25(min), loss: 0.484 precision: 0.806 recall: 0.863 f1: 0.833 
saved the new best model with f1: 0.833
epoch:8/30
training batch:    20, loss: 0.36127, precision: 0.853 recall: 0.906 f1: 0.879 
training batch:    40, loss: 0.38417, precision: 0.800 recall: 0.824 f1: 0.812 
training batch:    60, loss: 0.53434, precision: 0.795 recall: 0.912 f1: 0.849 
training batch:    80, loss: 0.27214, precision: 0.750 recall: 1.000 f1: 0.857 
start evaluate engines...

negative: {'precision': 0.7755102040816326, 'recall': 0.7342995169082126, 'f1-score': 0.7543424317617865, 'support': 207}
positive: {'precision': 0.793233082706767, 'recall': 0.8274509803921568, 'f1-score': 0.8099808061420346, 'support': 255}
time consumption:0.25(min), loss: 0.509 precision: 0.793 recall: 0.827 f1: 0.810 
epoch:9/30
training batch:    20, loss: 0.26647, precision: 0.912 recall: 0.939 f1: 0.925 
training batch:    40, loss: 0.15760, precision: 0.882 recall: 0.968 f1: 0.923 
training batch:    60, loss: 0.36286, precision: 0.806 recall: 0.853 f1: 0.829 
training batch:    80, loss: 0.18337, precision: 1.000 recall: 1.000 f1: 1.000 
start evaluate engines...

negative: {'precision': 0.7738693467336684, 'recall': 0.7439613526570048, 'f1-score': 0.7586206896551724, 'support': 207}
positive: {'precision': 0.7984790874524715, 'recall': 0.8235294117647058, 'f1-score': 0.8108108108108107, 'support': 255}
time consumption:0.25(min), loss: 0.482 precision: 0.798 recall: 0.824 f1: 0.811 
epoch:10/30
training batch:    20, loss: 0.20403, precision: 0.868 recall: 0.943 f1: 0.904 
training batch:    40, loss: 0.21520, precision: 0.939 recall: 0.861 f1: 0.899 
training batch:    60, loss: 0.39844, precision: 0.872 recall: 0.872 f1: 0.872 
training batch:    80, loss: 0.31518, precision: 1.000 recall: 1.000 f1: 1.000 
start evaluate engines...

negative: {'precision': 0.7848837209302325, 'recall': 0.6521739130434783, 'f1-score': 0.712401055408971, 'support': 207}
positive: {'precision': 0.7517241379310344, 'recall': 0.8549019607843137, 'f1-score': 0.7999999999999999, 'support': 255}
time consumption:0.26(min), loss: 0.518 precision: 0.752 recall: 0.855 f1: 0.800 
epoch:11/30
training batch:    20, loss: 0.18241, precision: 0.946 recall: 0.972 f1: 0.959 
training batch:    40, loss: 0.23538, precision: 0.818 recall: 0.964 f1: 0.885 
training batch:    60, loss: 0.35173, precision: 0.842 recall: 0.941 f1: 0.889 
training batch:    80, loss: 0.66939, precision: 0.800 recall: 1.000 f1: 0.889 
start evaluate engines...

negative: {'precision': 0.7802197802197802, 'recall': 0.6859903381642513, 'f1-score': 0.7300771208226221, 'support': 207}
positive: {'precision': 0.7678571428571429, 'recall': 0.8431372549019608, 'f1-score': 0.8037383177570093, 'support': 255}
time consumption:0.26(min), loss: 0.554 precision: 0.768 recall: 0.843 f1: 0.804 
epoch:12/30
training batch:    20, loss: 0.15503, precision: 0.930 recall: 0.976 f1: 0.952 
training batch:    40, loss: 0.38152, precision: 0.815 recall: 0.733 f1: 0.772 
training batch:    60, loss: 0.25832, precision: 0.846 recall: 0.846 f1: 0.846 
training batch:    80, loss: 0.23370, precision: 1.000 recall: 0.750 f1: 0.857 
start evaluate engines...

negative: {'precision': 0.7570093457943925, 'recall': 0.782608695652174, 'f1-score': 0.7695961995249405, 'support': 207}
positive: {'precision': 0.8185483870967742, 'recall': 0.796078431372549, 'f1-score': 0.8071570576540755, 'support': 255}
time consumption:0.25(min), loss: 0.534 precision: 0.819 recall: 0.796 f1: 0.807 
epoch:13/30
training batch:    20, loss: 0.22805, precision: 1.000 recall: 0.879 f1: 0.935 
training batch:    40, loss: 0.26073, precision: 0.902 recall: 0.949 f1: 0.925 
training batch:    60, loss: 0.35097, precision: 0.865 recall: 0.889 f1: 0.877 
training batch:    80, loss: 0.39029, precision: 0.800 recall: 1.000 f1: 0.889 
start evaluate engines...

negative: {'precision': 0.7794117647058824, 'recall': 0.7681159420289855, 'f1-score': 0.7737226277372262, 'support': 207}
positive: {'precision': 0.813953488372093, 'recall': 0.8235294117647058, 'f1-score': 0.8187134502923977, 'support': 255}
time consumption:0.24(min), loss: 0.511 precision: 0.814 recall: 0.824 f1: 0.819 
epoch:14/30
training batch:    20, loss: 0.25870, precision: 0.821 recall: 1.000 f1: 0.901 
training batch:    40, loss: 0.18369, precision: 0.905 recall: 1.000 f1: 0.950 
training batch:    60, loss: 0.20577, precision: 0.946 recall: 0.875 f1: 0.909 
training batch:    80, loss: 0.02468, precision: 1.000 recall: 1.000 f1: 1.000 
start evaluate engines...

negative: {'precision': 0.7817258883248731, 'recall': 0.7439613526570048, 'f1-score': 0.7623762376237624, 'support': 207}
positive: {'precision': 0.8, 'recall': 0.8313725490196079, 'f1-score': 0.8153846153846155, 'support': 255}
time consumption:0.25(min), loss: 0.510 precision: 0.800 recall: 0.831 f1: 0.815 
epoch:15/30
training batch:    20, loss: 0.20242, precision: 0.897 recall: 0.929 f1: 0.912 
training batch:    40, loss: 0.44960, precision: 0.771 recall: 0.871 f1: 0.818 
training batch:    60, loss: 0.24947, precision: 0.821 recall: 0.970 f1: 0.889 
training batch:    80, loss: 0.09799, precision: 1.000 recall: 1.000 f1: 1.000 
start evaluate engines...

negative: {'precision': 0.7806122448979592, 'recall': 0.7391304347826086, 'f1-score': 0.7593052109181141, 'support': 207}
positive: {'precision': 0.7969924812030075, 'recall': 0.8313725490196079, 'f1-score': 0.8138195777351247, 'support': 255}
time consumption:0.25(min), loss: 0.534 precision: 0.797 recall: 0.831 f1: 0.814 
early stopped, no progress obtained within 8 epochs
overall best f1 is 0.8333333333333334 at 7 epoch
total training time consumption: 3.742(min)
